#
# There is insufficient memory for the Java Runtime Environment to continue.
# Native memory allocation (malloc) failed to allocate 213936 bytes for Chunk::new
# Possible reasons:
#   The system is out of physical RAM or swap space
#   The process is running with CompressedOops enabled, and the Java Heap may be blocking the growth of the native heap
# Possible solutions:
#   Reduce memory load on the system
#   Increase physical memory or swap space
#   Check if swap backing store is full
#   Decrease Java heap size (-Xmx/-Xms)
#   Decrease number of Java threads
#   Decrease Java thread stack sizes (-Xss)
#   Set larger code cache with -XX:ReservedCodeCacheSize=
#   JVM is running with Unscaled Compressed Oops mode in which the Java heap is
#     placed in the first 4GB address space. The Java Heap base address is the
#     maximum limit for the native heap growth. Please use -XX:HeapBaseMinAddress
#     to set the Java Heap base and to place the Java Heap above 4GB virtual address.
# This output file may be truncated or incomplete.
#
#  Out of Memory Error (arena.cpp:189), pid=4948, tid=20564
#
# JRE version: OpenJDK Runtime Environment (17.0+35) (build 17+35-2724)
# Java VM: OpenJDK 64-Bit Server VM (17+35-2724, mixed mode, sharing, tiered, compressed oops, compressed class ptrs, g1 gc, windows-amd64)
# No core dump will be written. Minidumps are not enabled by default on client versions of Windows
#

---------------  S U M M A R Y ------------

Command Line: -javaagent:C:\Program Files\JetBrains\IntelliJ IDEA 2021.2.2\lib\idea_rt.jar=63509:C:\Program Files\JetBrains\IntelliJ IDEA 2021.2.2\bin -Dfile.encoding=UTF-8 mate.academy.Main

Host: Intel(R) Core(TM) i5-7200U CPU @ 2.50GHz, 4 cores, 7G,  Windows 10 , 64 bit Build 19041 (10.0.19041.2788)
Time: Sun Apr 23 19:58:37 2023 FLE Daylight Time elapsed time: 4.714238 seconds (0d 0h 0m 4s)

---------------  T H R E A D  ---------------

Current thread (0x000002083ca81230):  JavaThread "C2 CompilerThread0" daemon [_thread_in_native, id=20564, stack(0x0000009c84d00000,0x0000009c84e00000)]


Current CompileTask:
C2:   4714 1767 %     4       java.util.Properties$LineReader::readLine @ 224 (584 bytes)

Stack: [0x0000009c84d00000,0x0000009c84e00000]
Native frames: (J=compiled Java code, j=interpreted, Vv=VM code, C=native code)
V  [jvm.dll+0x66f8ea]
V  [jvm.dll+0x7ce224]
V  [jvm.dll+0x7cf9ce]
V  [jvm.dll+0x7d0033]
V  [jvm.dll+0x242bb5]
V  [jvm.dll+0xaa05b]
V  [jvm.dll+0xaa5ec]
V  [jvm.dll+0x2a954f]
V  [jvm.dll+0x5784b9]
V  [jvm.dll+0x21de2d]
V  [jvm.dll+0x21e20f]
V  [jvm.dll+0x217ada]
V  [jvm.dll+0x214fb5]
V  [jvm.dll+0x1a168d]
V  [jvm.dll+0x2248f8]
V  [jvm.dll+0x222a5c]
V  [jvm.dll+0x78422b]
V  [jvm.dll+0x77e7ea]
V  [jvm.dll+0x66e715]
C  [ucrtbase.dll+0x21bb2]
C  [KERNEL32.DLL+0x17604]
C  [ntdll.dll+0x526a1]


---------------  P R O C E S S  ---------------

Threads class SMR info:
_java_thread_list=0x000002083f58b2d0, length=14, elements={
0x000002081f2a20b0, 0x000002083ca67870, 0x000002083ca686e0, 0x000002083ca7e290,
0x000002083ca7ee40, 0x000002083ca7f9f0, 0x000002083ca804a0, 0x000002083ca81230,
0x000002083ca82ce0, 0x000002083caed480, 0x000002083d553720, 0x000002083d73bfa0,
0x000002083d73c470, 0x000002083e0be550
}

Java Threads: ( => current thread )
  0x000002081f2a20b0 JavaThread "main" [_thread_in_Java, id=20972, stack(0x0000009c84000000,0x0000009c84100000)]
  0x000002083ca67870 JavaThread "Reference Handler" daemon [_thread_blocked, id=16432, stack(0x0000009c84700000,0x0000009c84800000)]
  0x000002083ca686e0 JavaThread "Finalizer" daemon [_thread_blocked, id=17612, stack(0x0000009c84800000,0x0000009c84900000)]
  0x000002083ca7e290 JavaThread "Signal Dispatcher" daemon [_thread_blocked, id=18664, stack(0x0000009c84900000,0x0000009c84a00000)]
  0x000002083ca7ee40 JavaThread "Attach Listener" daemon [_thread_blocked, id=15328, stack(0x0000009c84a00000,0x0000009c84b00000)]
  0x000002083ca7f9f0 JavaThread "Service Thread" daemon [_thread_blocked, id=20532, stack(0x0000009c84b00000,0x0000009c84c00000)]
  0x000002083ca804a0 JavaThread "Monitor Deflation Thread" daemon [_thread_blocked, id=18404, stack(0x0000009c84c00000,0x0000009c84d00000)]
=>0x000002083ca81230 JavaThread "C2 CompilerThread0" daemon [_thread_in_native, id=20564, stack(0x0000009c84d00000,0x0000009c84e00000)]
  0x000002083ca82ce0 JavaThread "C1 CompilerThread0" daemon [_thread_blocked, id=7444, stack(0x0000009c84e00000,0x0000009c84f00000)]
  0x000002083caed480 JavaThread "Sweeper thread" daemon [_thread_blocked, id=15780, stack(0x0000009c84f00000,0x0000009c85000000)]
  0x000002083d553720 JavaThread "Common-Cleaner" daemon [_thread_blocked, id=8372, stack(0x0000009c85000000,0x0000009c85100000)]
  0x000002083d73bfa0 JavaThread "Monitor Ctrl-Break" daemon [_thread_in_native, id=2680, stack(0x0000009c85100000,0x0000009c85200000)]
  0x000002083d73c470 JavaThread "Notification Thread" daemon [_thread_blocked, id=4392, stack(0x0000009c85200000,0x0000009c85300000)]
  0x000002083e0be550 JavaThread "mysql-cj-abandoned-connection-cleanup" daemon [_thread_blocked, id=6364, stack(0x0000009c85600000,0x0000009c85700000)]

Other Threads:
  0x000002083ca5e8c0 VMThread "VM Thread" [stack: 0x0000009c84600000,0x0000009c84700000] [id=21292]
  0x000002083d68de50 WatcherThread [stack: 0x0000009c85300000,0x0000009c85400000] [id=20328]
  0x000002081f2df2a0 GCTaskThread "GC Thread#0" [stack: 0x0000009c84100000,0x0000009c84200000] [id=9740]
  0x000002083d8249d0 GCTaskThread "GC Thread#1" [stack: 0x0000009c85400000,0x0000009c85500000] [id=14268]
  0x000002083d824c80 GCTaskThread "GC Thread#2" [stack: 0x0000009c85500000,0x0000009c85600000] [id=18708]
  0x000002081f2eff20 ConcurrentGCThread "G1 Main Marker" [stack: 0x0000009c84200000,0x0000009c84300000] [id=19192]
  0x000002081f2f0930 ConcurrentGCThread "G1 Conc#0" [stack: 0x0000009c84300000,0x0000009c84400000] [id=18916]
  0x000002081f3660e0 ConcurrentGCThread "G1 Refine#0" [stack: 0x0000009c84400000,0x0000009c84500000] [id=9536]
  0x000002081f366b00 ConcurrentGCThread "G1 Service" [stack: 0x0000009c84500000,0x0000009c84600000] [id=4740]

Threads with active compile tasks:
C2 CompilerThread0     4772 1767 %     4       java.util.Properties$LineReader::readLine @ 224 (584 bytes)

VM state: not at safepoint (normal execution)

VM Mutex/Monitor currently owned by a thread: None

Heap address: 0x0000000081600000, size: 2026 MB, Compressed Oops mode: 32-bit

CDS archive(s) mapped at: [0x0000000800000000-0x0000000800bc0000-0x0000000800bc0000), size 12320768, SharedBaseAddress: 0x0000000800000000, ArchiveRelocationMode: 0.
Compressed class space mapped at: 0x0000000800c00000-0x0000000840c00000, reserved size: 1073741824
Narrow klass base: 0x0000000800000000, Narrow klass shift: 0, Narrow klass range: 0x100000000

GC Precious Log:
 CPUs: 4 total, 4 available
 Memory: 8100M
 Large Page Support: Disabled
 NUMA Support: Disabled
 Compressed Oops: Enabled (32-bit)
 Heap Region Size: 1M
 Heap Min Capacity: 8M
 Heap Initial Capacity: 128M
 Heap Max Capacity: 2026M
 Pre-touch: Disabled
 Parallel Workers: 4
 Concurrent Workers: 1
 Concurrent Refinement Workers: 4
 Periodic GC: Disabled

Heap:
 garbage-first heap   total 131072K, used 52065K [0x0000000081600000, 0x0000000100000000)
  region size 1024K, 51 young (52224K), 1 survivors (1024K)
 Metaspace       used 19839K, committed 20096K, reserved 1073152K
  class space    used 2536K, committed 2688K, reserved 1048576K

Heap Regions: E=young(eden), S=young(survivor), O=old, HS=humongous(starts), HC=humongous(continues), CS=collection set, F=free, OA=open archive, CA=closed archive, TAMS=top-at-mark-start (previous, next)
|   0|0x0000000081600000, 0x0000000081700000, 0x0000000081700000|100%|HS|  |TAMS 0x0000000081600000, 0x0000000081600000| Complete 
|   1|0x0000000081700000, 0x0000000081800000, 0x0000000081800000|100%| O|  |TAMS 0x0000000081700000, 0x0000000081700000| Untracked 
|   2|0x0000000081800000, 0x00000000818c9600, 0x0000000081900000| 78%| O|  |TAMS 0x0000000081800000, 0x0000000081800000| Untracked 
|   3|0x0000000081900000, 0x0000000081900000, 0x0000000081a00000|  0%| F|  |TAMS 0x0000000081900000, 0x0000000081900000| Untracked 
|   4|0x0000000081a00000, 0x0000000081a00000, 0x0000000081b00000|  0%| F|  |TAMS 0x0000000081a00000, 0x0000000081a00000| Untracked 
|   5|0x0000000081b00000, 0x0000000081b00000, 0x0000000081c00000|  0%| F|  |TAMS 0x0000000081b00000, 0x0000000081b00000| Untracked 
|   6|0x0000000081c00000, 0x0000000081c00000, 0x0000000081d00000|  0%| F|  |TAMS 0x0000000081c00000, 0x0000000081c00000| Untracked 
|   7|0x0000000081d00000, 0x0000000081d00000, 0x0000000081e00000|  0%| F|  |TAMS 0x0000000081d00000, 0x0000000081d00000| Untracked 
|   8|0x0000000081e00000, 0x0000000081e00000, 0x0000000081f00000|  0%| F|  |TAMS 0x0000000081e00000, 0x0000000081e00000| Untracked 
|   9|0x0000000081f00000, 0x0000000081f00000, 0x0000000082000000|  0%| F|  |TAMS 0x0000000081f00000, 0x0000000081f00000| Untracked 
|  10|0x0000000082000000, 0x0000000082000000, 0x0000000082100000|  0%| F|  |TAMS 0x0000000082000000, 0x0000000082000000| Untracked 
|  11|0x0000000082100000, 0x0000000082100000, 0x0000000082200000|  0%| F|  |TAMS 0x0000000082100000, 0x0000000082100000| Untracked 
|  12|0x0000000082200000, 0x0000000082200000, 0x0000000082300000|  0%| F|  |TAMS 0x0000000082200000, 0x0000000082200000| Untracked 
|  13|0x0000000082300000, 0x0000000082300000, 0x0000000082400000|  0%| F|  |TAMS 0x0000000082300000, 0x0000000082300000| Untracked 
|  14|0x0000000082400000, 0x0000000082400000, 0x0000000082500000|  0%| F|  |TAMS 0x0000000082400000, 0x0000000082400000| Untracked 
|  15|0x0000000082500000, 0x0000000082500000, 0x0000000082600000|  0%| F|  |TAMS 0x0000000082500000, 0x0000000082500000| Untracked 
|  16|0x0000000082600000, 0x0000000082600000, 0x0000000082700000|  0%| F|  |TAMS 0x0000000082600000, 0x0000000082600000| Untracked 
|  17|0x0000000082700000, 0x0000000082700000, 0x0000000082800000|  0%| F|  |TAMS 0x0000000082700000, 0x0000000082700000| Untracked 
|  18|0x0000000082800000, 0x0000000082800000, 0x0000000082900000|  0%| F|  |TAMS 0x0000000082800000, 0x0000000082800000| Untracked 
|  19|0x0000000082900000, 0x0000000082900000, 0x0000000082a00000|  0%| F|  |TAMS 0x0000000082900000, 0x0000000082900000| Untracked 
|  20|0x0000000082a00000, 0x0000000082a00000, 0x0000000082b00000|  0%| F|  |TAMS 0x0000000082a00000, 0x0000000082a00000| Untracked 
|  21|0x0000000082b00000, 0x0000000082b00000, 0x0000000082c00000|  0%| F|  |TAMS 0x0000000082b00000, 0x0000000082b00000| Untracked 
|  22|0x0000000082c00000, 0x0000000082c00000, 0x0000000082d00000|  0%| F|  |TAMS 0x0000000082c00000, 0x0000000082c00000| Untracked 
|  23|0x0000000082d00000, 0x0000000082d00000, 0x0000000082e00000|  0%| F|  |TAMS 0x0000000082d00000, 0x0000000082d00000| Untracked 
|  24|0x0000000082e00000, 0x0000000082e00000, 0x0000000082f00000|  0%| F|  |TAMS 0x0000000082e00000, 0x0000000082e00000| Untracked 
|  25|0x0000000082f00000, 0x0000000082f00000, 0x0000000083000000|  0%| F|  |TAMS 0x0000000082f00000, 0x0000000082f00000| Untracked 
|  26|0x0000000083000000, 0x0000000083000000, 0x0000000083100000|  0%| F|  |TAMS 0x0000000083000000, 0x0000000083000000| Untracked 
|  27|0x0000000083100000, 0x0000000083100000, 0x0000000083200000|  0%| F|  |TAMS 0x0000000083100000, 0x0000000083100000| Untracked 
|  28|0x0000000083200000, 0x0000000083200000, 0x0000000083300000|  0%| F|  |TAMS 0x0000000083200000, 0x0000000083200000| Untracked 
|  29|0x0000000083300000, 0x0000000083300000, 0x0000000083400000|  0%| F|  |TAMS 0x0000000083300000, 0x0000000083300000| Untracked 
|  30|0x0000000083400000, 0x0000000083400000, 0x0000000083500000|  0%| F|  |TAMS 0x0000000083400000, 0x0000000083400000| Untracked 
|  31|0x0000000083500000, 0x0000000083500000, 0x0000000083600000|  0%| F|  |TAMS 0x0000000083500000, 0x0000000083500000| Untracked 
|  32|0x0000000083600000, 0x0000000083600000, 0x0000000083700000|  0%| F|  |TAMS 0x0000000083600000, 0x0000000083600000| Untracked 
|  33|0x0000000083700000, 0x0000000083700000, 0x0000000083800000|  0%| F|  |TAMS 0x0000000083700000, 0x0000000083700000| Untracked 
|  34|0x0000000083800000, 0x0000000083800000, 0x0000000083900000|  0%| F|  |TAMS 0x0000000083800000, 0x0000000083800000| Untracked 
|  35|0x0000000083900000, 0x0000000083900000, 0x0000000083a00000|  0%| F|  |TAMS 0x0000000083900000, 0x0000000083900000| Untracked 
|  36|0x0000000083a00000, 0x0000000083a00000, 0x0000000083b00000|  0%| F|  |TAMS 0x0000000083a00000, 0x0000000083a00000| Untracked 
|  37|0x0000000083b00000, 0x0000000083b00000, 0x0000000083c00000|  0%| F|  |TAMS 0x0000000083b00000, 0x0000000083b00000| Untracked 
|  38|0x0000000083c00000, 0x0000000083c00000, 0x0000000083d00000|  0%| F|  |TAMS 0x0000000083c00000, 0x0000000083c00000| Untracked 
|  39|0x0000000083d00000, 0x0000000083d00000, 0x0000000083e00000|  0%| F|  |TAMS 0x0000000083d00000, 0x0000000083d00000| Untracked 
|  40|0x0000000083e00000, 0x0000000083e00000, 0x0000000083f00000|  0%| F|  |TAMS 0x0000000083e00000, 0x0000000083e00000| Untracked 
|  41|0x0000000083f00000, 0x0000000083f00000, 0x0000000084000000|  0%| F|  |TAMS 0x0000000083f00000, 0x0000000083f00000| Untracked 
|  42|0x0000000084000000, 0x0000000084000000, 0x0000000084100000|  0%| F|  |TAMS 0x0000000084000000, 0x0000000084000000| Untracked 
|  43|0x0000000084100000, 0x0000000084100000, 0x0000000084200000|  0%| F|  |TAMS 0x0000000084100000, 0x0000000084100000| Untracked 
|  44|0x0000000084200000, 0x0000000084200000, 0x0000000084300000|  0%| F|  |TAMS 0x0000000084200000, 0x0000000084200000| Untracked 
|  45|0x0000000084300000, 0x0000000084300000, 0x0000000084400000|  0%| F|  |TAMS 0x0000000084300000, 0x0000000084300000| Untracked 
|  46|0x0000000084400000, 0x0000000084400000, 0x0000000084500000|  0%| F|  |TAMS 0x0000000084400000, 0x0000000084400000| Untracked 
|  47|0x0000000084500000, 0x0000000084500000, 0x0000000084600000|  0%| F|  |TAMS 0x0000000084500000, 0x0000000084500000| Untracked 
|  48|0x0000000084600000, 0x0000000084600000, 0x0000000084700000|  0%| F|  |TAMS 0x0000000084600000, 0x0000000084600000| Untracked 
|  49|0x0000000084700000, 0x0000000084700000, 0x0000000084800000|  0%| F|  |TAMS 0x0000000084700000, 0x0000000084700000| Untracked 
|  50|0x0000000084800000, 0x0000000084800000, 0x0000000084900000|  0%| F|  |TAMS 0x0000000084800000, 0x0000000084800000| Untracked 
|  51|0x0000000084900000, 0x0000000084900000, 0x0000000084a00000|  0%| F|  |TAMS 0x0000000084900000, 0x0000000084900000| Untracked 
|  52|0x0000000084a00000, 0x0000000084a00000, 0x0000000084b00000|  0%| F|  |TAMS 0x0000000084a00000, 0x0000000084a00000| Untracked 
|  53|0x0000000084b00000, 0x0000000084b00000, 0x0000000084c00000|  0%| F|  |TAMS 0x0000000084b00000, 0x0000000084b00000| Untracked 
|  54|0x0000000084c00000, 0x0000000084c00000, 0x0000000084d00000|  0%| F|  |TAMS 0x0000000084c00000, 0x0000000084c00000| Untracked 
|  55|0x0000000084d00000, 0x0000000084d00000, 0x0000000084e00000|  0%| F|  |TAMS 0x0000000084d00000, 0x0000000084d00000| Untracked 
|  56|0x0000000084e00000, 0x0000000084e00000, 0x0000000084f00000|  0%| F|  |TAMS 0x0000000084e00000, 0x0000000084e00000| Untracked 
|  57|0x0000000084f00000, 0x0000000084f00000, 0x0000000085000000|  0%| F|  |TAMS 0x0000000084f00000, 0x0000000084f00000| Untracked 
|  58|0x0000000085000000, 0x0000000085000000, 0x0000000085100000|  0%| F|  |TAMS 0x0000000085000000, 0x0000000085000000| Untracked 
|  59|0x0000000085100000, 0x0000000085100000, 0x0000000085200000|  0%| F|  |TAMS 0x0000000085100000, 0x0000000085100000| Untracked 
|  60|0x0000000085200000, 0x0000000085200000, 0x0000000085300000|  0%| F|  |TAMS 0x0000000085200000, 0x0000000085200000| Untracked 
|  61|0x0000000085300000, 0x0000000085300000, 0x0000000085400000|  0%| F|  |TAMS 0x0000000085300000, 0x0000000085300000| Untracked 
|  62|0x0000000085400000, 0x0000000085400000, 0x0000000085500000|  0%| F|  |TAMS 0x0000000085400000, 0x0000000085400000| Untracked 
|  63|0x0000000085500000, 0x0000000085500000, 0x0000000085600000|  0%| F|  |TAMS 0x0000000085500000, 0x0000000085500000| Untracked 
|  64|0x0000000085600000, 0x0000000085600000, 0x0000000085700000|  0%| F|  |TAMS 0x0000000085600000, 0x0000000085600000| Untracked 
|  65|0x0000000085700000, 0x0000000085700000, 0x0000000085800000|  0%| F|  |TAMS 0x0000000085700000, 0x0000000085700000| Untracked 
|  66|0x0000000085800000, 0x0000000085800000, 0x0000000085900000|  0%| F|  |TAMS 0x0000000085800000, 0x0000000085800000| Untracked 
|  67|0x0000000085900000, 0x0000000085900000, 0x0000000085a00000|  0%| F|  |TAMS 0x0000000085900000, 0x0000000085900000| Untracked 
|  68|0x0000000085a00000, 0x0000000085a00000, 0x0000000085b00000|  0%| F|  |TAMS 0x0000000085a00000, 0x0000000085a00000| Untracked 
|  69|0x0000000085b00000, 0x0000000085b00000, 0x0000000085c00000|  0%| F|  |TAMS 0x0000000085b00000, 0x0000000085b00000| Untracked 
|  70|0x0000000085c00000, 0x0000000085c00000, 0x0000000085d00000|  0%| F|  |TAMS 0x0000000085c00000, 0x0000000085c00000| Untracked 
|  71|0x0000000085d00000, 0x0000000085d00000, 0x0000000085e00000|  0%| F|  |TAMS 0x0000000085d00000, 0x0000000085d00000| Untracked 
|  72|0x0000000085e00000, 0x0000000085e00000, 0x0000000085f00000|  0%| F|  |TAMS 0x0000000085e00000, 0x0000000085e00000| Untracked 
|  73|0x0000000085f00000, 0x0000000085f00000, 0x0000000086000000|  0%| F|  |TAMS 0x0000000085f00000, 0x0000000085f00000| Untracked 
|  74|0x0000000086000000, 0x0000000086000000, 0x0000000086100000|  0%| F|  |TAMS 0x0000000086000000, 0x0000000086000000| Untracked 
|  75|0x0000000086100000, 0x0000000086100000, 0x0000000086200000|  0%| F|  |TAMS 0x0000000086100000, 0x0000000086100000| Untracked 
|  76|0x0000000086200000, 0x0000000086200000, 0x0000000086300000|  0%| F|  |TAMS 0x0000000086200000, 0x0000000086200000| Untracked 
|  77|0x0000000086300000, 0x0000000086400000, 0x0000000086400000|100%| E|  |TAMS 0x0000000086300000, 0x0000000086300000| Complete 
|  78|0x0000000086400000, 0x0000000086500000, 0x0000000086500000|100%| E|CS|TAMS 0x0000000086400000, 0x0000000086400000| Complete 
|  79|0x0000000086500000, 0x0000000086600000, 0x0000000086600000|100%| E|CS|TAMS 0x0000000086500000, 0x0000000086500000| Complete 
|  80|0x0000000086600000, 0x0000000086700000, 0x0000000086700000|100%| E|CS|TAMS 0x0000000086600000, 0x0000000086600000| Complete 
|  81|0x0000000086700000, 0x0000000086800000, 0x0000000086800000|100%| E|CS|TAMS 0x0000000086700000, 0x0000000086700000| Complete 
|  82|0x0000000086800000, 0x0000000086900000, 0x0000000086900000|100%| E|CS|TAMS 0x0000000086800000, 0x0000000086800000| Complete 
|  83|0x0000000086900000, 0x0000000086a00000, 0x0000000086a00000|100%| E|CS|TAMS 0x0000000086900000, 0x0000000086900000| Complete 
|  84|0x0000000086a00000, 0x0000000086b00000, 0x0000000086b00000|100%| E|CS|TAMS 0x0000000086a00000, 0x0000000086a00000| Complete 
|  85|0x0000000086b00000, 0x0000000086c00000, 0x0000000086c00000|100%| E|CS|TAMS 0x0000000086b00000, 0x0000000086b00000| Complete 
|  86|0x0000000086c00000, 0x0000000086d00000, 0x0000000086d00000|100%| E|CS|TAMS 0x0000000086c00000, 0x0000000086c00000| Complete 
|  87|0x0000000086d00000, 0x0000000086e00000, 0x0000000086e00000|100%| E|CS|TAMS 0x0000000086d00000, 0x0000000086d00000| Complete 
|  88|0x0000000086e00000, 0x0000000086f00000, 0x0000000086f00000|100%| E|CS|TAMS 0x0000000086e00000, 0x0000000086e00000| Complete 
|  89|0x0000000086f00000, 0x0000000087000000, 0x0000000087000000|100%| E|CS|TAMS 0x0000000086f00000, 0x0000000086f00000| Complete 
|  90|0x0000000087000000, 0x0000000087100000, 0x0000000087100000|100%| E|CS|TAMS 0x0000000087000000, 0x0000000087000000| Complete 
|  91|0x0000000087100000, 0x0000000087200000, 0x0000000087200000|100%| E|CS|TAMS 0x0000000087100000, 0x0000000087100000| Complete 
|  92|0x0000000087200000, 0x0000000087300000, 0x0000000087300000|100%| E|CS|TAMS 0x0000000087200000, 0x0000000087200000| Complete 
|  93|0x0000000087300000, 0x0000000087400000, 0x0000000087400000|100%| E|CS|TAMS 0x0000000087300000, 0x0000000087300000| Complete 
|  94|0x0000000087400000, 0x0000000087500000, 0x0000000087500000|100%| E|CS|TAMS 0x0000000087400000, 0x0000000087400000| Complete 
|  95|0x0000000087500000, 0x0000000087600000, 0x0000000087600000|100%| E|CS|TAMS 0x0000000087500000, 0x0000000087500000| Complete 
|  96|0x0000000087600000, 0x0000000087700000, 0x0000000087700000|100%| E|CS|TAMS 0x0000000087600000, 0x0000000087600000| Complete 
|  97|0x0000000087700000, 0x0000000087800000, 0x0000000087800000|100%| E|CS|TAMS 0x0000000087700000, 0x0000000087700000| Complete 
|  98|0x0000000087800000, 0x0000000087900000, 0x0000000087900000|100%| E|CS|TAMS 0x0000000087800000, 0x0000000087800000| Complete 
|  99|0x0000000087900000, 0x0000000087a00000, 0x0000000087a00000|100%| E|CS|TAMS 0x0000000087900000, 0x0000000087900000| Complete 
| 100|0x0000000087a00000, 0x0000000087b00000, 0x0000000087b00000|100%| E|CS|TAMS 0x0000000087a00000, 0x0000000087a00000| Complete 
| 101|0x0000000087b00000, 0x0000000087c00000, 0x0000000087c00000|100%| E|CS|TAMS 0x0000000087b00000, 0x0000000087b00000| Complete 
| 102|0x0000000087c00000, 0x0000000087d00000, 0x0000000087d00000|100%| E|CS|TAMS 0x0000000087c00000, 0x0000000087c00000| Complete 
| 103|0x0000000087d00000, 0x0000000087e00000, 0x0000000087e00000|100%| E|CS|TAMS 0x0000000087d00000, 0x0000000087d00000| Complete 
| 104|0x0000000087e00000, 0x0000000087f00000, 0x0000000087f00000|100%| E|CS|TAMS 0x0000000087e00000, 0x0000000087e00000| Complete 
| 105|0x0000000087f00000, 0x0000000088000000, 0x0000000088000000|100%| E|CS|TAMS 0x0000000087f00000, 0x0000000087f00000| Complete 
| 106|0x0000000088000000, 0x0000000088100000, 0x0000000088100000|100%| E|CS|TAMS 0x0000000088000000, 0x0000000088000000| Complete 
| 107|0x0000000088100000, 0x000000008810f140, 0x0000000088200000|  5%| S|CS|TAMS 0x0000000088100000, 0x0000000088100000| Complete 
| 108|0x0000000088200000, 0x0000000088300000, 0x0000000088300000|100%| E|CS|TAMS 0x0000000088200000, 0x0000000088200000| Complete 
| 109|0x0000000088300000, 0x0000000088400000, 0x0000000088400000|100%| E|CS|TAMS 0x0000000088300000, 0x0000000088300000| Complete 
| 110|0x0000000088400000, 0x0000000088500000, 0x0000000088500000|100%| E|CS|TAMS 0x0000000088400000, 0x0000000088400000| Complete 
| 111|0x0000000088500000, 0x0000000088600000, 0x0000000088600000|100%| E|CS|TAMS 0x0000000088500000, 0x0000000088500000| Complete 
| 112|0x0000000088600000, 0x0000000088700000, 0x0000000088700000|100%| E|CS|TAMS 0x0000000088600000, 0x0000000088600000| Complete 
| 113|0x0000000088700000, 0x0000000088800000, 0x0000000088800000|100%| E|CS|TAMS 0x0000000088700000, 0x0000000088700000| Complete 
| 114|0x0000000088800000, 0x0000000088900000, 0x0000000088900000|100%| E|CS|TAMS 0x0000000088800000, 0x0000000088800000| Complete 
| 115|0x0000000088900000, 0x0000000088a00000, 0x0000000088a00000|100%| E|CS|TAMS 0x0000000088900000, 0x0000000088900000| Complete 
| 116|0x0000000088a00000, 0x0000000088b00000, 0x0000000088b00000|100%| E|CS|TAMS 0x0000000088a00000, 0x0000000088a00000| Complete 
| 117|0x0000000088b00000, 0x0000000088c00000, 0x0000000088c00000|100%| E|CS|TAMS 0x0000000088b00000, 0x0000000088b00000| Complete 
| 118|0x0000000088c00000, 0x0000000088d00000, 0x0000000088d00000|100%| E|CS|TAMS 0x0000000088c00000, 0x0000000088c00000| Complete 
| 119|0x0000000088d00000, 0x0000000088e00000, 0x0000000088e00000|100%| E|CS|TAMS 0x0000000088d00000, 0x0000000088d00000| Complete 
| 120|0x0000000088e00000, 0x0000000088f00000, 0x0000000088f00000|100%| E|  |TAMS 0x0000000088e00000, 0x0000000088e00000| Complete 
| 121|0x0000000088f00000, 0x0000000089000000, 0x0000000089000000|100%| E|CS|TAMS 0x0000000088f00000, 0x0000000088f00000| Complete 
| 122|0x0000000089000000, 0x0000000089100000, 0x0000000089100000|100%| E|CS|TAMS 0x0000000089000000, 0x0000000089000000| Complete 
| 123|0x0000000089100000, 0x0000000089200000, 0x0000000089200000|100%| E|CS|TAMS 0x0000000089100000, 0x0000000089100000| Complete 
| 124|0x0000000089200000, 0x0000000089300000, 0x0000000089300000|100%| E|CS|TAMS 0x0000000089200000, 0x0000000089200000| Complete 
| 125|0x0000000089300000, 0x0000000089400000, 0x0000000089400000|100%| E|CS|TAMS 0x0000000089300000, 0x0000000089300000| Complete 
| 126|0x0000000089400000, 0x0000000089500000, 0x0000000089500000|100%| E|CS|TAMS 0x0000000089400000, 0x0000000089400000| Complete 
| 127|0x0000000089500000, 0x0000000089600000, 0x0000000089600000|100%| E|CS|TAMS 0x0000000089500000, 0x0000000089500000| Complete 

Card table byte_map: [0x0000020835ea0000,0x00000208362a0000] _byte_map_base: 0x0000020835a95000

Marking Bits (Prev, Next): (CMBitMap*) 0x000002081f2df8b0, (CMBitMap*) 0x000002081f2df8f0
 Prev Bits: [0x00000208366a0000, 0x0000020838648000)
 Next Bits: [0x0000020838650000, 0x000002083a5f8000)

Polling page: 0x000002081ea80000

Metaspace:

Usage:
  Non-class:     16.92 MB used.
      Class:      2.48 MB used.
       Both:     19.40 MB used.

Virtual space:
  Non-class space:       24.00 MB reserved,      17.00 MB ( 71%) committed,  3 nodes.
      Class space:        1.00 GB reserved,       2.62 MB ( <1%) committed,  1 nodes.
             Both:        1.02 GB reserved,      19.62 MB (  2%) committed. 

Chunk freelists:
   Non-Class:  2.75 MB
       Class:  1.22 MB
        Both:  3.97 MB

MaxMetaspaceSize: unlimited
CompressedClassSpaceSize: 1.00 GB
Initial GC threshold: 21.00 MB
Current GC threshold: 21.00 MB
CDS: on
MetaspaceReclaimPolicy: balanced
 - commit_granule_bytes: 65536.
 - commit_granule_words: 8192.
 - virtual_space_node_default_size: 1048576.
 - enlarge_chunks_in_place: 1.
 - new_chunks_are_fully_committed: 0.
 - uncommit_free_chunks: 1.
 - use_allocation_guard: 0.
 - handle_deallocations: 1.


Internal statistics:

num_allocs_failed_limit: 0.
num_arena_births: 136.
num_arena_deaths: 0.
num_vsnodes_births: 4.
num_vsnodes_deaths: 0.
num_space_committed: 314.
num_space_uncommitted: 0.
num_chunks_returned_to_freelist: 0.
num_chunks_taken_from_freelist: 537.
num_chunk_merges: 0.
num_chunk_splits: 385.
num_chunks_enlarged: 302.
num_purges: 0.
num_inconsistent_stats: 0.

CodeHeap 'non-profiled nmethods': size=120000Kb used=707Kb max_used=707Kb free=119292Kb
 bounds [0x000002082e570000, 0x000002082e7e0000, 0x0000020835aa0000]
CodeHeap 'profiled nmethods': size=120000Kb used=3366Kb max_used=3366Kb free=116633Kb
 bounds [0x0000020827040000, 0x0000020827390000, 0x000002082e570000]
CodeHeap 'non-nmethods': size=5760Kb used=1250Kb max_used=1267Kb free=4510Kb
 bounds [0x0000020826aa0000, 0x0000020826d10000, 0x0000020827040000]
 total_blobs=2331 nmethods=1774 adapters=469
 compilation: enabled
              stopped_count=0, restarted_count=0
 full_count=0

Compilation events (20 events):
Event: 4.683 Thread 0x000002083ca82ce0 nmethod 1761 0x000002082e620390 code [0x000002082e620520, 0x000002082e6205f8]
Event: 4.688 Thread 0x000002083ca82ce0 1764       3       com.mysql.cj.protocol.a.NativePacketPayload::readInteger (662 bytes)
Event: 4.690 Thread 0x000002083ca82ce0 nmethod 1764 0x0000020827385390 code [0x0000020827385600, 0x00000208273861a8]
Event: 4.690 Thread 0x000002083ca82ce0 1765       1       com.mysql.cj.protocol.a.NativePacketPayload::getByteBuffer (5 bytes)
Event: 4.691 Thread 0x000002083ca82ce0 nmethod 1765 0x000002082e620690 code [0x000002082e620820, 0x000002082e6208f8]
Event: 4.691 Thread 0x000002083ca82ce0 1766       1       com.mysql.cj.protocol.a.NativePacketPayload::setPosition (6 bytes)
Event: 4.691 Thread 0x000002083ca82ce0 nmethod 1766 0x000002082e620990 code [0x000002082e620b20, 0x000002082e620bf8]
Event: 4.697 Thread 0x000002083ca81230 1767 %     4       java.util.Properties$LineReader::readLine @ 224 (584 bytes)
Event: 4.698 Thread 0x000002083ca82ce0 1768       3       java.lang.AbstractStringBuilder::appendChars (130 bytes)
Event: 4.699 Thread 0x000002083ca82ce0 nmethod 1768 0x0000020827386690 code [0x0000020827386880, 0x0000020827386e28]
Event: 4.699 Thread 0x000002083ca82ce0 1769       3       java.lang.AbstractStringBuilder::setLength (66 bytes)
Event: 4.699 Thread 0x000002083ca82ce0 nmethod 1769 0x0000020827387090 code [0x00000208273872c0, 0x0000020827387a38]
Event: 4.699 Thread 0x000002083ca82ce0 1770       3       java.lang.StringBuilder::append (10 bytes)
Event: 4.699 Thread 0x000002083ca82ce0 nmethod 1770 0x0000020827387d90 code [0x0000020827387f20, 0x0000020827388068]
Event: 4.699 Thread 0x000002083ca82ce0 1771       3       java.lang.AbstractStringBuilder::append (33 bytes)
Event: 4.700 Thread 0x000002083ca82ce0 nmethod 1771 0x0000020827388110 code [0x00000208273882c0, 0x00000208273884a8]
Event: 4.700 Thread 0x000002083ca82ce0 1772       3       java.util.Properties::containsKey (9 bytes)
Event: 4.700 Thread 0x000002083ca82ce0 nmethod 1772 0x0000020827388610 code [0x00000208273887c0, 0x00000208273889c8]
Event: 4.700 Thread 0x000002083ca82ce0 1773       1       com.mysql.cj.conf.AbstractRuntimeProperty::getValue (5 bytes)
Event: 4.700 Thread 0x000002083ca82ce0 nmethod 1773 0x000002082e620c90 code [0x000002082e620e20, 0x000002082e620ef8]

GC Heap History (4 events):
Event: 0.746 GC heap before
{Heap before GC invocations=0 (full 0):
 garbage-first heap   total 131072K, used 13312K [0x0000000081600000, 0x0000000100000000)
  region size 1024K, 13 young (13312K), 0 survivors (0K)
 Metaspace       used 970K, committed 1088K, reserved 1056768K
  class space    used 93K, committed 128K, reserved 1048576K
}
Event: 0.777 GC heap after
{Heap after GC invocations=1 (full 0):
 garbage-first heap   total 131072K, used 2906K [0x0000000081600000, 0x0000000100000000)
  region size 1024K, 2 young (2048K), 2 survivors (2048K)
 Metaspace       used 970K, committed 1088K, reserved 1056768K
  class space    used 93K, committed 128K, reserved 1048576K
}
Event: 0.788 GC heap before
{Heap before GC invocations=1 (full 0):
 garbage-first heap   total 131072K, used 20314K [0x0000000081600000, 0x0000000100000000)
  region size 1024K, 20 young (20480K), 2 survivors (2048K)
 Metaspace       used 970K, committed 1088K, reserved 1056768K
  class space    used 93K, committed 128K, reserved 1048576K
}
Event: 0.791 GC heap after
{Heap after GC invocations=2 (full 0):
 garbage-first heap   total 131072K, used 2913K [0x0000000081600000, 0x0000000100000000)
  region size 1024K, 1 young (1024K), 1 survivors (1024K)
 Metaspace       used 970K, committed 1088K, reserved 1056768K
  class space    used 93K, committed 128K, reserved 1048576K
}

Deoptimization events (20 events):
Event: 3.741 Thread 0x000002081f2a20b0 DEOPT PACKING pc=0x000002082728dc88 sp=0x0000009c840fa450
Event: 3.741 Thread 0x000002081f2a20b0 DEOPT UNPACKING pc=0x0000020826af2b43 sp=0x0000009c840f9958 mode 0
Event: 3.942 Thread 0x000002081f2a20b0 Uncommon trap: trap_request=0xffffff45 fr.pc=0x000002082e5e452c relative=0x000000000000020c
Event: 3.942 Thread 0x000002081f2a20b0 Uncommon trap: reason=unstable_if action=reinterpret pc=0x000002082e5e452c method=java.util.HashMap.putVal(ILjava/lang/Object;Ljava/lang/Object;ZZ)Ljava/lang/Object; @ 162 c2
Event: 3.942 Thread 0x000002081f2a20b0 DEOPT PACKING pc=0x000002082e5e452c sp=0x0000009c840fb990
Event: 3.942 Thread 0x000002081f2a20b0 DEOPT UNPACKING pc=0x0000020826af23a3 sp=0x0000009c840fb930 mode 2
Event: 4.008 Thread 0x000002081f2a20b0 Uncommon trap: trap_request=0xffffff45 fr.pc=0x000002082e5eb0ac relative=0x00000000000005ec
Event: 4.008 Thread 0x000002081f2a20b0 Uncommon trap: reason=unstable_if action=reinterpret pc=0x000002082e5eb0ac method=java.lang.StringLatin1.regionMatchesCI([BI[BII)Z @ 72 c2
Event: 4.008 Thread 0x000002081f2a20b0 DEOPT PACKING pc=0x000002082e5eb0ac sp=0x0000009c840f9130
Event: 4.008 Thread 0x000002081f2a20b0 DEOPT UNPACKING pc=0x0000020826af23a3 sp=0x0000009c840f8ff8 mode 2
Event: 4.055 Thread 0x000002081f2a20b0 Uncommon trap: trap_request=0xffffff45 fr.pc=0x000002082e5aadc4 relative=0x0000000000000224
Event: 4.055 Thread 0x000002081f2a20b0 Uncommon trap: reason=unstable_if action=reinterpret pc=0x000002082e5aadc4 method=java.util.StringTokenizer.scanToken(I)I @ 42 c2
Event: 4.055 Thread 0x000002081f2a20b0 DEOPT PACKING pc=0x000002082e5aadc4 sp=0x0000009c840fa060
Event: 4.055 Thread 0x000002081f2a20b0 DEOPT UNPACKING pc=0x0000020826af23a3 sp=0x0000009c840f9ff0 mode 2
Event: 4.258 Thread 0x000002081f2a20b0 Uncommon trap: trap_request=0xffffff45 fr.pc=0x000002082e60b008 relative=0x0000000000000348
Event: 4.258 Thread 0x000002081f2a20b0 Uncommon trap: reason=unstable_if action=reinterpret pc=0x000002082e60b008 method=java.util.regex.Pattern$SliceI.match(Ljava/util/regex/Matcher;ILjava/lang/CharSequence;)Z @ 29 c2
Event: 4.258 Thread 0x000002081f2a20b0 DEOPT PACKING pc=0x000002082e60b008 sp=0x0000009c840fc240
Event: 4.258 Thread 0x000002081f2a20b0 DEOPT UNPACKING pc=0x0000020826af23a3 sp=0x0000009c840fc1d8 mode 2
Event: 4.699 Thread 0x000002081f2a20b0 DEOPT PACKING pc=0x00000208272369b1 sp=0x0000009c840fccd0
Event: 4.699 Thread 0x000002081f2a20b0 DEOPT UNPACKING pc=0x0000020826af2b43 sp=0x0000009c840fc1c8 mode 0

Classes unloaded (0 events):
No events

Classes redefined (0 events):
No events

Internal exceptions (20 events):
Event: 0.605 Thread 0x000002083d73bfa0 Exception <a 'java/lang/NoSuchMethodError'{0x000000008929b550}: 'void java.lang.invoke.DirectMethodHandle$Holder.invokeStatic(java.lang.Object, java.lang.Object)'> (0x000000008929b550) 
thrown [t:\workspace\open\src\hotspot\share\interpreter\linkResolver.cpp, line 766]
Event: 0.892 Thread 0x000002081f2a20b0 Exception <a 'java/lang/NoSuchMethodError'{0x0000000088b1a3d0}: 'java.lang.Object java.lang.invoke.DirectMethodHandle$Holder.invokeStatic(java.lang.Object, java.lang.Object, int)'> (0x0000000088b1a3d0) 
thrown [t:\workspace\open\src\hotspot\share\interpreter\linkResolver.cpp, line 766]
Event: 0.894 Thread 0x000002081f2a20b0 Exception <a 'java/lang/NoSuchMethodError'{0x0000000088b264e0}: 'void java.lang.invoke.DelegatingMethodHandle$Holder.delegate(java.lang.Object, java.lang.Object, int, java.lang.Object)'> (0x0000000088b264e0) 
thrown [t:\workspace\open\src\hotspot\share\interpreter\linkResolver.cpp, line 766]
Event: 0.895 Thread 0x000002081f2a20b0 Exception <a 'java/lang/NoSuchMethodError'{0x0000000088b2a620}: 'int java.lang.invoke.DirectMethodHandle$Holder.invokeSpecial(java.lang.Object, java.lang.Object, java.lang.Object)'> (0x0000000088b2a620) 
thrown [t:\workspace\open\src\hotspot\share\interpreter\linkResolver.cpp, line 766]
Event: 1.058 Thread 0x000002081f2a20b0 Exception <a 'java/lang/NoSuchMethodError'{0x000000008898de20}: 'java.lang.Object java.lang.invoke.DirectMethodHandle$Holder.invokeStatic(java.lang.Object, int, java.lang.Object)'> (0x000000008898de20) 
thrown [t:\workspace\open\src\hotspot\share\interpreter\linkResolver.cpp, line 766]
Event: 1.952 Thread 0x000002081f2a20b0 Exception <a 'java/lang/NullPointerException'{0x0000000087ed0228}> (0x0000000087ed0228) 
thrown [t:\workspace\open\src\hotspot\share\interpreter\linkResolver.cpp, line 1440]
Event: 2.072 Thread 0x000002081f2a20b0 Implicit null exception at 0x000002082e5a7060 to 0x000002082e5a7ad4
Event: 2.563 Thread 0x000002081f2a20b0 Exception <a 'java/lang/ClassNotFoundException'{0x00000000878b5e70}: com/sun/org/apache/xerces/internal/impl/xpath/regex/spi/messageProvider> (0x00000000878b5e70) 
thrown [t:\workspace\open\src\hotspot\share\classfile\systemDictionary.cpp, line 256]
Event: 2.868 Thread 0x000002081f2a20b0 Exception <a 'java/lang/NoSuchMethodError'{0x000000008757c198}: 'java.lang.Object java.lang.invoke.DirectMethodHandle$Holder.invokeStaticInit(java.lang.Object, int, int, int, int)'> (0x000000008757c198) 
thrown [t:\workspace\open\src\hotspot\share\interpreter\linkResolver.cpp, line 766]
Event: 3.230 Thread 0x000002081f2a20b0 Exception <a 'java/lang/NoSuchMethodError'{0x00000000875fb0c8}: 'java.lang.Object java.lang.invoke.DirectMethodHandle$Holder.invokeStaticInit(java.lang.Object, java.lang.Object, int, int, int, int)'> (0x00000000875fb0c8) 
thrown [t:\workspace\open\src\hotspot\share\interpreter\linkResolver.cpp, line 766]
Event: 3.452 Thread 0x000002081f2a20b0 Exception <a 'java/lang/NoSuchMethodError'{0x000000008710ed88}: 'java.lang.Object java.lang.invoke.Invokers$Holder.invokeExact_MT(java.lang.Object, java.lang.Object, java.lang.Object, java.lang.Object, java.lang.Object, java.lang.Object)'> (0x000000008710ed88) 
thrown [t:\workspace\open\src\hotspot\share\interpreter\linkResolver.cpp, line 766]
Event: 3.582 Thread 0x000002081f2a20b0 Exception <a 'java/lang/NoSuchMethodError'{0x0000000086e2d998}: 'java.lang.Object java.lang.invoke.DirectMethodHandle$Holder.invokeInterface(java.lang.Object, java.lang.Object)'> (0x0000000086e2d998) 
thrown [t:\workspace\open\src\hotspot\share\interpreter\linkResolver.cpp, line 766]
Event: 3.609 Thread 0x000002081f2a20b0 Exception <a 'java/lang/NoSuchMethodError'{0x0000000086ea5e98}: 'void java.lang.invoke.DirectMethodHandle$Holder.invokeSpecial(java.lang.Object, java.lang.Object, java.lang.Object)'> (0x0000000086ea5e98) 
thrown [t:\workspace\open\src\hotspot\share\interpreter\linkResolver.cpp, line 766]
Event: 3.610 Thread 0x000002081f2a20b0 Exception <a 'java/lang/NoSuchMethodError'{0x0000000086eacb58}: 'void java.lang.invoke.DirectMethodHandle$Holder.invokeStatic(java.lang.Object, java.lang.Object, java.lang.Object)'> (0x0000000086eacb58) 
thrown [t:\workspace\open\src\hotspot\share\interpreter\linkResolver.cpp, line 766]
Event: 3.612 Thread 0x000002081f2a20b0 Exception <a 'java/lang/NoSuchMethodError'{0x0000000086eb7040}: 'java.lang.Object java.lang.invoke.DirectMethodHandle$Holder.invokeVirtual(java.lang.Object, java.lang.Object, java.lang.Object)'> (0x0000000086eb7040) 
thrown [t:\workspace\open\src\hotspot\share\interpreter\linkResolver.cpp, line 766]
Event: 3.867 Thread 0x000002081f2a20b0 Exception <a 'java/lang/NoSuchMethodError'{0x0000000086aea8d8}: 'void java.lang.invoke.DirectMethodHandle$Holder.invokeStaticInit(java.lang.Object, java.lang.Object)'> (0x0000000086aea8d8) 
thrown [t:\workspace\open\src\hotspot\share\interpreter\linkResolver.cpp, line 766]
Event: 4.000 Thread 0x000002081f2a20b0 Exception <a 'sun/nio/fs/WindowsException'{0x0000000086871070}> (0x0000000086871070) 
thrown [t:\workspace\open\src\hotspot\share\prims\jni.cpp, line 516]
Event: 4.025 Thread 0x000002081f2a20b0 Exception <a 'java/lang/NoSuchMethodError'{0x0000000086896cb8}: 'int java.lang.invoke.DirectMethodHandle$Holder.invokeStaticInit(java.lang.Object, java.lang.Object, java.lang.Object, java.lang.Object)'> (0x0000000086896cb8) 
thrown [t:\workspace\open\src\hotspot\share\interpreter\linkResolver.cpp, line 766]
Event: 4.026 Thread 0x000002081f2a20b0 Exception <a 'java/lang/IncompatibleClassChangeError'{0x00000000868a0108}: Found class java.lang.Object, but interface was expected> (0x00000000868a0108) 
thrown [t:\workspace\open\src\hotspot\share\interpreter\linkResolver.cpp, line 833]
Event: 4.028 Thread 0x000002081f2a20b0 Exception <a 'java/lang/NoSuchMethodError'{0x00000000868a5c10}: 'int java.lang.invoke.DirectMethodHandle$Holder.invokeStaticInit(java.lang.Object, java.lang.Object)'> (0x00000000868a5c10) 
thrown [t:\workspace\open\src\hotspot\share\interpreter\linkResolver.cpp, line 766]

VM Operations (20 events):
Event: 1.620 Executing VM operation: HandshakeAllThreads
Event: 1.620 Executing VM operation: HandshakeAllThreads done
Event: 1.861 Executing VM operation: HandshakeAllThreads
Event: 1.861 Executing VM operation: HandshakeAllThreads done
Event: 1.861 Executing VM operation: Cleanup
Event: 1.861 Executing VM operation: Cleanup done
Event: 2.165 Executing VM operation: HandshakeAllThreads
Event: 2.165 Executing VM operation: HandshakeAllThreads done
Event: 2.781 Executing VM operation: HandshakeAllThreads
Event: 2.781 Executing VM operation: HandshakeAllThreads done
Event: 2.827 Executing VM operation: HandshakeAllThreads
Event: 2.827 Executing VM operation: HandshakeAllThreads done
Event: 3.842 Executing VM operation: Cleanup
Event: 3.842 Executing VM operation: Cleanup done
Event: 3.886 Executing VM operation: HandshakeAllThreads
Event: 3.886 Executing VM operation: HandshakeAllThreads done
Event: 4.012 Executing VM operation: HandshakeAllThreads
Event: 4.012 Executing VM operation: HandshakeAllThreads done
Event: 4.535 Executing VM operation: HandshakeAllThreads
Event: 4.535 Executing VM operation: HandshakeAllThreads done

Events (20 events):
Event: 4.591 loading class javax/net/ssl/SSLEngineResult$HandshakeStatus
Event: 4.591 loading class javax/net/ssl/SSLEngineResult$HandshakeStatus done
Event: 4.591 loading class jdk/internal/event/TLSHandshakeEvent
Event: 4.592 loading class jdk/internal/event/TLSHandshakeEvent done
Event: 4.597 loading class java/security/DigestException
Event: 4.597 loading class java/security/DigestException done
Event: 4.601 loading class javax/security/sasl/SaslException
Event: 4.601 loading class javax/security/sasl/SaslException done
Event: 4.601 loading class javax/security/auth/callback/UnsupportedCallbackException
Event: 4.602 loading class javax/security/auth/callback/UnsupportedCallbackException done
Event: 4.604 loading class javax/security/sasl/SaslClientFactory
Event: 4.604 loading class javax/security/sasl/SaslClientFactory done
Event: 4.608 loading class sun/security/ssl/PostHandshakeContext
Event: 4.608 loading class sun/security/ssl/PostHandshakeContext done
Event: 4.608 loading class sun/security/ssl/NewSessionTicket$T13NewSessionTicketMessage
Event: 4.609 loading class sun/security/ssl/NewSessionTicket$NewSessionTicketMessage
Event: 4.609 loading class sun/security/ssl/NewSessionTicket$NewSessionTicketMessage done
Event: 4.609 loading class sun/security/ssl/NewSessionTicket$T13NewSessionTicketMessage done
Event: 4.696 loading class java/io/Console
Event: 4.696 loading class java/io/Console done


Dynamic libraries:
0x00007ff7dc980000 - 0x00007ff7dc98e000 	C:\Users\User\.jdks\openjdk-17\bin\java.exe
0x00007fffffb70000 - 0x00007fffffd68000 	C:\WINDOWS\SYSTEM32\ntdll.dll
0x00007ffffe880000 - 0x00007ffffe93f000 	C:\WINDOWS\System32\KERNEL32.DLL
0x00007ffffd740000 - 0x00007ffffda1a000 	C:\WINDOWS\System32\KERNELBASE.dll
0x00007ffffd390000 - 0x00007ffffd490000 	C:\WINDOWS\System32\ucrtbase.dll
0x00007ffff8020000 - 0x00007ffff8038000 	C:\Users\User\.jdks\openjdk-17\bin\jli.dll
0x00007ffffdd20000 - 0x00007ffffdebd000 	C:\WINDOWS\System32\USER32.dll
0x00007ffffd5a0000 - 0x00007ffffd5c2000 	C:\WINDOWS\System32\win32u.dll
0x00007fffffa80000 - 0x00007fffffaab000 	C:\WINDOWS\System32\GDI32.dll
0x00007ffffd280000 - 0x00007ffffd390000 	C:\WINDOWS\System32\gdi32full.dll
0x00007ffffd490000 - 0x00007ffffd52d000 	C:\WINDOWS\System32\msvcp_win.dll
0x00007ffff72e0000 - 0x00007ffff72fa000 	C:\Users\User\.jdks\openjdk-17\bin\VCRUNTIME140.dll
0x00007fffe6db0000 - 0x00007fffe704a000 	C:\WINDOWS\WinSxS\amd64_microsoft.windows.common-controls_6595b64144ccf1df_6.0.19041.1110_none_60b5254171f9507e\COMCTL32.dll
0x00007fffff8d0000 - 0x00007fffff96e000 	C:\WINDOWS\System32\msvcrt.dll
0x00007fffff5a0000 - 0x00007fffff5d0000 	C:\WINDOWS\System32\IMM32.DLL
0x00007ffff7380000 - 0x00007ffff738c000 	C:\Users\User\.jdks\openjdk-17\bin\vcruntime140_1.dll
0x00007ffff1c40000 - 0x00007ffff1ccd000 	C:\Users\User\.jdks\openjdk-17\bin\msvcp140.dll
0x00007fffa9e30000 - 0x00007fffaa9ee000 	C:\Users\User\.jdks\openjdk-17\bin\server\jvm.dll
0x00007fffff290000 - 0x00007fffff33e000 	C:\WINDOWS\System32\ADVAPI32.dll
0x00007fffff500000 - 0x00007fffff59c000 	C:\WINDOWS\System32\sechost.dll
0x00007ffffdec0000 - 0x00007ffffdfe6000 	C:\WINDOWS\System32\RPCRT4.dll
0x00007fffffab0000 - 0x00007fffffab8000 	C:\WINDOWS\System32\PSAPI.DLL
0x00007ffff6fb0000 - 0x00007ffff6fb9000 	C:\WINDOWS\SYSTEM32\WSOCK32.dll
0x00007fffff340000 - 0x00007fffff3ab000 	C:\WINDOWS\System32\WS2_32.dll
0x00007fffe6bd0000 - 0x00007fffe6bf7000 	C:\WINDOWS\SYSTEM32\WINMM.dll
0x00007ffff6c60000 - 0x00007ffff6c6a000 	C:\WINDOWS\SYSTEM32\VERSION.dll
0x00007ffffb020000 - 0x00007ffffb032000 	C:\WINDOWS\SYSTEM32\kernel.appcore.dll
0x00007ffff6b20000 - 0x00007ffff6b2a000 	C:\Users\User\.jdks\openjdk-17\bin\jimage.dll
0x00007ffff2ca0000 - 0x00007ffff2e84000 	C:\WINDOWS\SYSTEM32\DBGHELP.DLL
0x00007ffff2890000 - 0x00007ffff28c4000 	C:\WINDOWS\SYSTEM32\dbgcore.DLL
0x00007ffffd680000 - 0x00007ffffd702000 	C:\WINDOWS\System32\bcryptPrimitives.dll
0x00007ffff8040000 - 0x00007ffff804e000 	C:\Users\User\.jdks\openjdk-17\bin\instrument.dll
0x00007ffff3da0000 - 0x00007ffff3dc5000 	C:\Users\User\.jdks\openjdk-17\bin\java.dll
0x00007fffdb050000 - 0x00007fffdb126000 	C:\Users\User\.jdks\openjdk-17\bin\svml.dll
0x00007ffffeb40000 - 0x00007fffff284000 	C:\WINDOWS\System32\SHELL32.dll
0x00007ffffb300000 - 0x00007ffffba93000 	C:\WINDOWS\SYSTEM32\windows.storage.dll
0x00007ffffdff0000 - 0x00007ffffe344000 	C:\WINDOWS\System32\combase.dll
0x00007ffffcc00000 - 0x00007ffffcc2e000 	C:\WINDOWS\SYSTEM32\Wldp.dll
0x00007fffff9d0000 - 0x00007fffffa7d000 	C:\WINDOWS\System32\SHCORE.dll
0x00007fffff970000 - 0x00007fffff9c5000 	C:\WINDOWS\System32\shlwapi.dll
0x00007ffffd1c0000 - 0x00007ffffd1df000 	C:\WINDOWS\SYSTEM32\profapi.dll
0x00007ffff21c0000 - 0x00007ffff21d8000 	C:\Users\User\.jdks\openjdk-17\bin\zip.dll
0x00007ffff2090000 - 0x00007ffff20a9000 	C:\Users\User\.jdks\openjdk-17\bin\net.dll
0x00007ffff5630000 - 0x00007ffff573a000 	C:\WINDOWS\SYSTEM32\WINHTTP.dll
0x00007ffffc9e0000 - 0x00007ffffca4a000 	C:\WINDOWS\system32\mswsock.dll
0x00007ffff1e20000 - 0x00007ffff1e35000 	C:\Users\User\.jdks\openjdk-17\bin\nio.dll
0x00007ffff72c0000 - 0x00007ffff72da000 	C:\Program Files\JetBrains\IntelliJ IDEA 2021.2.2\bin\breakgen64.dll
0x00007ffff3e50000 - 0x00007ffff3e60000 	C:\Users\User\.jdks\openjdk-17\bin\verify.dll
0x00007ffffcc40000 - 0x00007ffffcc58000 	C:\WINDOWS\SYSTEM32\CRYPTSP.dll
0x00007ffffc2b0000 - 0x00007ffffc2e4000 	C:\WINDOWS\system32\rsaenh.dll
0x00007ffffd710000 - 0x00007ffffd737000 	C:\WINDOWS\System32\bcrypt.dll
0x00007ffffd180000 - 0x00007ffffd1ae000 	C:\WINDOWS\SYSTEM32\USERENV.dll
0x00007ffffcb70000 - 0x00007ffffcb7c000 	C:\WINDOWS\SYSTEM32\CRYPTBASE.dll
0x00007ffffc6a0000 - 0x00007ffffc6dc000 	C:\WINDOWS\SYSTEM32\IPHLPAPI.DLL
0x00007fffffb20000 - 0x00007fffffb28000 	C:\WINDOWS\System32\NSI.dll
0x00007ffff47f0000 - 0x00007ffff4807000 	C:\WINDOWS\SYSTEM32\dhcpcsvc6.DLL
0x00007ffff47d0000 - 0x00007ffff47ed000 	C:\WINDOWS\SYSTEM32\dhcpcsvc.DLL
0x00007ffffc6e0000 - 0x00007ffffc7ab000 	C:\WINDOWS\SYSTEM32\DNSAPI.dll
0x00007ffff5970000 - 0x00007ffff597a000 	C:\Windows\System32\rasadhlp.dll
0x00007ffff4f30000 - 0x00007ffff4fb0000 	C:\WINDOWS\System32\fwpuclnt.dll
0x00007ffff1df0000 - 0x00007ffff1dfe000 	C:\Users\User\.jdks\openjdk-17\bin\sunmscapi.dll
0x00007ffffda70000 - 0x00007ffffdbc6000 	C:\WINDOWS\System32\CRYPT32.dll
0x00007ffffcd50000 - 0x00007ffffcd78000 	C:\WINDOWS\SYSTEM32\ncrypt.dll
0x00007ffffcd10000 - 0x00007ffffcd4b000 	C:\WINDOWS\SYSTEM32\NTASN1.dll

dbghelp: loaded successfully - version: 4.0.5 - missing functions: none
symbol engine: initialized successfully - sym options: 0x614 - pdb path: .;C:\Users\User\.jdks\openjdk-17\bin;C:\WINDOWS\SYSTEM32;C:\WINDOWS\WinSxS\amd64_microsoft.windows.common-controls_6595b64144ccf1df_6.0.19041.1110_none_60b5254171f9507e;C:\Users\User\.jdks\openjdk-17\bin\server;C:\Program Files\JetBrains\IntelliJ IDEA 2021.2.2\bin

VM Arguments:
jvm_args: -javaagent:C:\Program Files\JetBrains\IntelliJ IDEA 2021.2.2\lib\idea_rt.jar=63509:C:\Program Files\JetBrains\IntelliJ IDEA 2021.2.2\bin -Dfile.encoding=UTF-8 
java_command: mate.academy.Main
java_class_path (initial): D:\!Documents\Desktop\MetaAcademyFullCourse\HibernateShopingCart\hibernate-shopping-cart-hw\target\classes;C:\Users\User\.m2\repository\org\hibernate\hibernate-core\5.4.21.Final\hibernate-core-5.4.21.Final.jar;C:\Users\User\.m2\repository\org\jboss\logging\jboss-logging\3.3.2.Final\jboss-logging-3.3.2.Final.jar;C:\Users\User\.m2\repository\javax\persistence\javax.persistence-api\2.2\javax.persistence-api-2.2.jar;C:\Users\User\.m2\repository\org\javassist\javassist\3.24.0-GA\javassist-3.24.0-GA.jar;C:\Users\User\.m2\repository\net\bytebuddy\byte-buddy\1.10.10\byte-buddy-1.10.10.jar;C:\Users\User\.m2\repository\antlr\antlr\2.7.7\antlr-2.7.7.jar;C:\Users\User\.m2\repository\org\jboss\spec\javax\transaction\jboss-transaction-api_1.2_spec\1.1.1.Final\jboss-transaction-api_1.2_spec-1.1.1.Final.jar;C:\Users\User\.m2\repository\org\jboss\jandex\2.1.3.Final\jandex-2.1.3.Final.jar;C:\Users\User\.m2\repository\com\fasterxml\classmate\1.5.1\classmate-1.5.1.jar;C:\Users\User\.m2\repository\javax\activation\javax.activation-api\1.2.0\javax.activation-api-1.2.0.jar;C:\Users\User\.m2\repository\org\dom4j\dom4j\2.1.3\dom4j-2.1.3.jar;C:\Users\User\.m2\repository\org\hibernate\common\hibernate-commons-annotations\5.1.0.Final\hibernate-commons-annotations-5.1.0.Final.jar;C:\Users\User\.m2\repository\javax\xml\bind\jaxb-api\2.3.1\jaxb-api-2.3.1.jar;C:\Users\User\.m2\repository\org\glassfish\jaxb\jaxb-runtime\2.3.1\jaxb-runtime-2.3.1.jar;C:\Users\User\.m2\repository\org\glassfish\jaxb\txw2\2.3.1\txw2-2.3.1.jar;C:\Users\User\.m2\repository\com\sun\istack\istack-commons-runtime\3.0.7\istack-commons-runtime-3.0.7.jar;C:\Users\User\.m2\repository\org\jvnet\staxex\stax-ex\1.8\stax-ex-1.8.jar;C:\Users\User\.m2\repository\com\sun\xml\fastinfoset\FastInfoset\1.2.15\FastInfoset-1.2.15.jar;C:\Users\User\.m2\repository\org\hibernate\hibernate-entitymanager\5.4.21.Final\hibernate-entitymanager-5.4.21.Final.jar;C:\Users\User\.m2\repository\mysql\mysql-connector-java\8.0.2
Launcher Type: SUN_STANDARD

[Global flags]
     intx CICompilerCount                          = 3                                         {product} {ergonomic}
     uint ConcGCThreads                            = 1                                         {product} {ergonomic}
     uint G1ConcRefinementThreads                  = 4                                         {product} {ergonomic}
   size_t G1HeapRegionSize                         = 1048576                                   {product} {ergonomic}
    uintx GCDrainStackTargetSize                   = 64                                        {product} {ergonomic}
   size_t InitialHeapSize                          = 134217728                                 {product} {ergonomic}
   size_t MarkStackSize                            = 4194304                                   {product} {ergonomic}
   size_t MaxHeapSize                              = 2124414976                                {product} {ergonomic}
   size_t MaxNewSize                               = 1274019840                                {product} {ergonomic}
   size_t MinHeapDeltaBytes                        = 1048576                                   {product} {ergonomic}
   size_t MinHeapSize                              = 8388608                                   {product} {ergonomic}
    uintx NonNMethodCodeHeapSize                   = 5832780                                {pd product} {ergonomic}
    uintx NonProfiledCodeHeapSize                  = 122912730                              {pd product} {ergonomic}
    uintx ProfiledCodeHeapSize                     = 122912730                              {pd product} {ergonomic}
    uintx ReservedCodeCacheSize                    = 251658240                              {pd product} {ergonomic}
     bool SegmentedCodeCache                       = true                                      {product} {ergonomic}
   size_t SoftMaxHeapSize                          = 2124414976                             {manageable} {ergonomic}
     bool UseCompressedClassPointers               = true                           {product lp64_product} {ergonomic}
     bool UseCompressedOops                        = true                           {product lp64_product} {ergonomic}
     bool UseG1GC                                  = true                                      {product} {ergonomic}
     bool UseLargePagesIndividualAllocation        = false                                  {pd product} {ergonomic}

Logging:
Log output configuration:
 #0: stdout all=warning uptime,level,tags
 #1: stderr all=off uptime,level,tags

Environment Variables:
JAVA_HOME=C:\Users\User\scoop\apps\openjdk15\current
PATH=C:\WINDOWS\system32;C:\WINDOWS;C:\WINDOWS\System32\Wbem;C:\WINDOWS\System32\WindowsPowerShell\v1.0\;C:\WINDOWS\System32\OpenSSH\;C:\Program Files\Microsoft SQL Server\Client SDK\ODBC\170\Tools\Binn\;C:\Program Files\PuTTY\;C:\Program Files\Git\cmd;C:\Program Files (x86)\Microsoft SQL Server\150\Tools\Binn\;C:\Program Files\Microsoft SQL Server\150\Tools\Binn\;C:\Program Files\Microsoft SQL Server\150\DTS\Binn\;C:\Program Files\Docker\Docker\resources\bin;C:\ProgramData\DockerDesktop\version-bin;C:\Program Files (x86)\dotnet\;C:\Users\User\scoop\apps\openjdk15\current\bin;C:\Users\User\scoop\apps\openjdk\current\bin;C:\Users\User\scoop\shims;C:\Users\User\AppData\Local\Microsoft\WindowsApps;C:\Users\User\.dotnet\tools;C:\Program Files\JetBrains\IntelliJ IDEA Educational Edition 2021.2.2\bin;C:\Program Files\JetBrains\IntelliJ IDEA 2021.2.2\bin;C:\Program Files\MavenWidows\apache-maven-3.8.3\bin
USERNAME=User
OS=Windows_NT
PROCESSOR_IDENTIFIER=Intel64 Family 6 Model 142 Stepping 9, GenuineIntel



---------------  S Y S T E M  ---------------

OS:
 Windows 10 , 64 bit Build 19041 (10.0.19041.2788)
OS uptime: 6 days 15:47 hours
Hyper-V role detected

CPU: total 4 (initial active 4) (2 cores per cpu, 2 threads per core) family 6 model 142 stepping 9 microcode 0xb4, cx8, cmov, fxsr, ht, mmx, 3dnowpref, sse, sse2, sse3, ssse3, sse4.1, sse4.2, popcnt, lzcnt, tsc, tscinvbit, avx, avx2, aes, erms, clmul, bmi1, bmi2, adx, fma, vzeroupper, clflush, clflushopt, hv

Memory: 4k page, system-wide physical 8100M (363M free)
TotalPageFile size 20833M (AvailPageFile size 2M)
current process WorkingSet (physical memory assigned to process): 131M, peak: 131M
current process commit charge ("private bytes"): 243M, peak: 243M

vm_info: OpenJDK 64-Bit Server VM (17+35-2724) for windows-amd64 JRE (17+35-2724), built on Aug  5 2021 23:26:02 by "mach5one" with MS VC++ 16.8 (VS2019)

END.
